<?xml version="1.0" encoding="UTF-8" ?>
<testsuite tests="2" failures="2" name="br.ufrn.imd.models.BankAccountTest" time="0.013" errors="0" skipped="0">
  <properties>
[...]
</properties>
  <testcase classname="br.ufrn.imd.models.BankAccountTest" name="br.ufrn.imd.models.BankAccountTest.testBankAccountShouldHaveAccountNumberAndAgency" time="0.013">
    <failure message="Cannot invoke &quot;br.ufrn.imd.models.BankAccount.getAccountNumber()&quot; because &quot;this.bankAccount&quot; is null" type="java.lang.NullPointerException">java.lang.NullPointerException: Cannot invoke &quot;br.ufrn.imd.models.BankAccount.getAccountNumber()&quot; because &quot;this.bankAccount&quot; is null
	at br.ufrn.imd.models.BankAccountTest.testBankAccountShouldHaveAccountNumberAndAgency(BankAccountTest.java:26)
</failure>
  </testcase>
  <testcase classname="br.ufrn.imd.models.BankAccountTest" name="br.ufrn.imd.models.BankAccountTest.testDepositShouldChangeTheBalance" time="0">
    <failure message="Cannot invoke &quot;br.ufrn.imd.models.BankAccount.deposit(double)&quot; because &quot;this.bankAccount&quot; is null" type="java.lang.NullPointerException">java.lang.NullPointerException: Cannot invoke &quot;br.ufrn.imd.models.BankAccount.deposit(double)&quot; because &quot;this.bankAccount&quot; is null
	at br.ufrn.imd.models.BankAccountTest.testDepositShouldChangeTheBalance(BankAccountTest.java:32)
</failure>
  </testcase>
</testsuite>